<?xml version="1.0" encoding="UTF-8"?>
<trace:TraceModel xmi:version="2.0"
    xmlns:xmi="http://www.omg.org/XMI"
    xmlns:trace="http://www.eclipse.org/gmf/2006/Trace">
  <nodeTraces
      visualID="2002"
      queryText="(let _eClass_:ecore::EClass = modelFacet.metaClass.ecoreClass in _eClass_.ePackage.nsURI = 'http://www.emftext.org/java/containers' and _eClass_.name = 'CompilationUnit') and (let _containmentMF_:ecore::EStructuralFeature = modelFacet.containmentMetaFeature.ecoreFeature in (let _eClass_:ecore::EClass = _containmentMF_.eContainingClass in _eClass_.ePackage.nsURI = 'http://www.emftext.org/java/containers' and _eClass_.name = 'Package') and _containmentMF_.name = 'compilationUnits')">
    <compartmentTraces
        visualID="7011"
        queryText="true"/>
    <compartmentTraces
        visualID="7012"
        queryText="true"/>
  </nodeTraces>
  <childNodeTraces
      visualID="3030"
      queryText="(let _eClass_:ecore::EClass = modelFacet.metaClass.ecoreClass in _eClass_.ePackage.nsURI = 'http://www.emftext.org/java/classifiers' and _eClass_.name = 'Class') and (let _containmentMF_:ecore::EStructuralFeature = modelFacet.containmentMetaFeature.ecoreFeature in (let _eClass_:ecore::EClass = _containmentMF_.eContainingClass in _eClass_.ePackage.nsURI = 'http://www.emftext.org/java/containers' and _eClass_.name = 'CompilationUnit') and _containmentMF_.name = 'classifiers')">
    <nodeLabelTraces
        visualID="5041"
        queryText="true"/>
    <compartmentTraces
        visualID="7013"
        queryText="true"/>
  </childNodeTraces>
  <childNodeTraces
      visualID="3031"
      queryText="(let _eClass_:ecore::EClass = modelFacet.metaClass.ecoreClass in _eClass_.ePackage.nsURI = 'http://www.emftext.org/java/annotations' and _eClass_.name = 'AnnotationMethod') and (let _containmentMF_:ecore::EStructuralFeature = modelFacet.containmentMetaFeature.ecoreFeature in (let _eClass_:ecore::EClass = _containmentMF_.eContainingClass in _eClass_.ePackage.nsURI = 'http://www.emftext.org/java/members' and _eClass_.name = 'MemberContainer') and _containmentMF_.name = 'members')">
    <nodeLabelTraces
        visualID="5031"
        queryText="true"/>
  </childNodeTraces>
  <childNodeTraces
      visualID="3032"
      queryText="(let _eClass_:ecore::EClass = modelFacet.metaClass.ecoreClass in _eClass_.ePackage.nsURI = 'http://www.emftext.org/java/classifiers' and _eClass_.name = 'Class') and (let _containmentMF_:ecore::EStructuralFeature = modelFacet.containmentMetaFeature.ecoreFeature in (let _eClass_:ecore::EClass = _containmentMF_.eContainingClass in _eClass_.ePackage.nsURI = 'http://www.emftext.org/java/members' and _eClass_.name = 'MemberContainer') and _containmentMF_.name = 'members')">
    <nodeLabelTraces
        visualID="5040"
        queryText="true"/>
    <compartmentTraces
        visualID="7014"
        queryText="true"/>
  </childNodeTraces>
  <childNodeTraces
      visualID="3033"
      queryText="(let _eClass_:ecore::EClass = modelFacet.metaClass.ecoreClass in _eClass_.ePackage.nsURI = 'http://www.emftext.org/java/classifiers' and _eClass_.name = 'Enumeration') and (let _containmentMF_:ecore::EStructuralFeature = modelFacet.containmentMetaFeature.ecoreFeature in (let _eClass_:ecore::EClass = _containmentMF_.eContainingClass in _eClass_.ePackage.nsURI = 'http://www.emftext.org/java/members' and _eClass_.name = 'MemberContainer') and _containmentMF_.name = 'members')">
    <nodeLabelTraces
        visualID="5039"
        queryText="true"/>
    <compartmentTraces
        visualID="7015"
        queryText="true"/>
  </childNodeTraces>
  <childNodeTraces
      visualID="3034"
      queryText="(let _eClass_:ecore::EClass = modelFacet.metaClass.ecoreClass in _eClass_.ePackage.nsURI = 'http://www.emftext.org/java/classifiers' and _eClass_.name = 'Interface') and (let _containmentMF_:ecore::EStructuralFeature = modelFacet.containmentMetaFeature.ecoreFeature in (let _eClass_:ecore::EClass = _containmentMF_.eContainingClass in _eClass_.ePackage.nsURI = 'http://www.emftext.org/java/members' and _eClass_.name = 'MemberContainer') and _containmentMF_.name = 'members')">
    <nodeLabelTraces
        visualID="5038"
        queryText="true"/>
    <compartmentTraces
        visualID="7016"
        queryText="true"/>
  </childNodeTraces>
  <childNodeTraces
      visualID="3035"
      queryText="(let _eClass_:ecore::EClass = modelFacet.metaClass.ecoreClass in _eClass_.ePackage.nsURI = 'http://www.emftext.org/java/members' and _eClass_.name = 'Field') and (let _containmentMF_:ecore::EStructuralFeature = modelFacet.containmentMetaFeature.ecoreFeature in (let _eClass_:ecore::EClass = _containmentMF_.eContainingClass in _eClass_.ePackage.nsURI = 'http://www.emftext.org/java/members' and _eClass_.name = 'MemberContainer') and _containmentMF_.name = 'members')">
    <nodeLabelTraces
        visualID="5032"
        queryText="true"/>
  </childNodeTraces>
  <childNodeTraces
      visualID="3036"
      queryText="(let _eClass_:ecore::EClass = modelFacet.metaClass.ecoreClass in _eClass_.ePackage.nsURI = 'http://www.emftext.org/java/members' and _eClass_.name = 'Method') and (let _containmentMF_:ecore::EStructuralFeature = modelFacet.containmentMetaFeature.ecoreFeature in (let _eClass_:ecore::EClass = _containmentMF_.eContainingClass in _eClass_.ePackage.nsURI = 'http://www.emftext.org/java/members' and _eClass_.name = 'MemberContainer') and _containmentMF_.name = 'members')">
    <nodeLabelTraces
        visualID="5033"
        queryText="true"/>
  </childNodeTraces>
  <childNodeTraces
      visualID="3037"
      queryText="(let _eClass_:ecore::EClass = modelFacet.metaClass.ecoreClass in _eClass_.ePackage.nsURI = 'http://www.emftext.org/java/classifiers' and _eClass_.name = 'Annotation') and (let _containmentMF_:ecore::EStructuralFeature = modelFacet.containmentMetaFeature.ecoreFeature in (let _eClass_:ecore::EClass = _containmentMF_.eContainingClass in _eClass_.ePackage.nsURI = 'http://www.emftext.org/java/members' and _eClass_.name = 'MemberContainer') and _containmentMF_.name = 'members')">
    <nodeLabelTraces
        visualID="5037"
        queryText="true"/>
    <compartmentTraces
        visualID="7017"
        queryText="true"/>
  </childNodeTraces>
  <childNodeTraces
      visualID="3038"
      queryText="(let _eClass_:ecore::EClass = modelFacet.metaClass.ecoreClass in _eClass_.ePackage.nsURI = 'http://www.emftext.org/java/containers' and _eClass_.name = 'PackageDescriptor') and (let _containmentMF_:ecore::EStructuralFeature = modelFacet.containmentMetaFeature.ecoreFeature in (let _eClass_:ecore::EClass = _containmentMF_.eContainingClass in _eClass_.ePackage.nsURI = 'http://www.emftext.org/java/members' and _eClass_.name = 'MemberContainer') and _containmentMF_.name = 'members')">
    <nodeLabelTraces
        visualID="5034"
        queryText="true"/>
  </childNodeTraces>
  <childNodeTraces
      visualID="3039"
      queryText="(let _eClass_:ecore::EClass = modelFacet.metaClass.ecoreClass in _eClass_.ePackage.nsURI = 'http://www.emftext.org/java/members' and _eClass_.name = 'Constructor') and (let _containmentMF_:ecore::EStructuralFeature = modelFacet.containmentMetaFeature.ecoreFeature in (let _eClass_:ecore::EClass = _containmentMF_.eContainingClass in _eClass_.ePackage.nsURI = 'http://www.emftext.org/java/members' and _eClass_.name = 'MemberContainer') and _containmentMF_.name = 'members')">
    <nodeLabelTraces
        visualID="5035"
        queryText="true"/>
  </childNodeTraces>
  <childNodeTraces
      visualID="3040"
      queryText="(let _eClass_:ecore::EClass = modelFacet.metaClass.ecoreClass in _eClass_.ePackage.nsURI = 'http://www.emftext.org/java/statements' and _eClass_.name = 'Block') and (let _containmentMF_:ecore::EStructuralFeature = modelFacet.containmentMetaFeature.ecoreFeature in (let _eClass_:ecore::EClass = _containmentMF_.eContainingClass in _eClass_.ePackage.nsURI = 'http://www.emftext.org/java/members' and _eClass_.name = 'MemberContainer') and _containmentMF_.name = 'members')">
    <nodeLabelTraces
        visualID="5036"
        queryText="true"/>
  </childNodeTraces>
  <childNodeTraces
      visualID="3041"
      queryText="(let _eClass_:ecore::EClass = modelFacet.metaClass.ecoreClass in _eClass_.ePackage.nsURI = 'http://www.emftext.org/java/classifiers' and _eClass_.name = 'Enumeration') and (let _containmentMF_:ecore::EStructuralFeature = modelFacet.containmentMetaFeature.ecoreFeature in (let _eClass_:ecore::EClass = _containmentMF_.eContainingClass in _eClass_.ePackage.nsURI = 'http://www.emftext.org/java/containers' and _eClass_.name = 'CompilationUnit') and _containmentMF_.name = 'classifiers')">
    <nodeLabelTraces
        visualID="5042"
        queryText="true"/>
    <compartmentTraces
        visualID="7018"
        queryText="true"/>
  </childNodeTraces>
  <childNodeTraces
      visualID="3042"
      queryText="(let _eClass_:ecore::EClass = modelFacet.metaClass.ecoreClass in _eClass_.ePackage.nsURI = 'http://www.emftext.org/java/classifiers' and _eClass_.name = 'Interface') and (let _containmentMF_:ecore::EStructuralFeature = modelFacet.containmentMetaFeature.ecoreFeature in (let _eClass_:ecore::EClass = _containmentMF_.eContainingClass in _eClass_.ePackage.nsURI = 'http://www.emftext.org/java/containers' and _eClass_.name = 'CompilationUnit') and _containmentMF_.name = 'classifiers')">
    <nodeLabelTraces
        visualID="5043"
        queryText="true"/>
    <compartmentTraces
        visualID="7019"
        queryText="true"/>
  </childNodeTraces>
  <childNodeTraces
      visualID="3043"
      queryText="(let _eClass_:ecore::EClass = modelFacet.metaClass.ecoreClass in _eClass_.ePackage.nsURI = 'http://www.emftext.org/java/classifiers' and _eClass_.name = 'Annotation') and (let _containmentMF_:ecore::EStructuralFeature = modelFacet.containmentMetaFeature.ecoreFeature in (let _eClass_:ecore::EClass = _containmentMF_.eContainingClass in _eClass_.ePackage.nsURI = 'http://www.emftext.org/java/containers' and _eClass_.name = 'CompilationUnit') and _containmentMF_.name = 'classifiers')">
    <nodeLabelTraces
        visualID="5044"
        queryText="true"/>
    <compartmentTraces
        visualID="7020"
        queryText="true"/>
  </childNodeTraces>
  <childNodeTraces
      visualID="3044"
      queryText="(let _eClass_:ecore::EClass = modelFacet.metaClass.ecoreClass in _eClass_.ePackage.nsURI = 'http://www.emftext.org/java/containers' and _eClass_.name = 'PackageDescriptor') and (let _containmentMF_:ecore::EStructuralFeature = modelFacet.containmentMetaFeature.ecoreFeature in (let _eClass_:ecore::EClass = _containmentMF_.eContainingClass in _eClass_.ePackage.nsURI = 'http://www.emftext.org/java/containers' and _eClass_.name = 'CompilationUnit') and _containmentMF_.name = 'classifiers')">
    <nodeLabelTraces
        visualID="5045"
        queryText="true"/>
  </childNodeTraces>
  <childNodeTraces
      visualID="3045"
      queryText="(let _eClass_:ecore::EClass = modelFacet.metaClass.ecoreClass in _eClass_.ePackage.nsURI = 'http://www.emftext.org/java/imports' and _eClass_.name = 'ClassifierImport') and (let _containmentMF_:ecore::EStructuralFeature = modelFacet.containmentMetaFeature.ecoreFeature in (let _eClass_:ecore::EClass = _containmentMF_.eContainingClass in _eClass_.ePackage.nsURI = 'http://www.emftext.org/java/containers' and _eClass_.name = 'CompilationUnit') and _containmentMF_.name = 'imports')"/>
  <childNodeTraces
      visualID="3046"
      queryText="(let _eClass_:ecore::EClass = modelFacet.metaClass.ecoreClass in _eClass_.ePackage.nsURI = 'http://www.emftext.org/java/imports' and _eClass_.name = 'StaticImport') and (let _containmentMF_:ecore::EStructuralFeature = modelFacet.containmentMetaFeature.ecoreFeature in (let _eClass_:ecore::EClass = _containmentMF_.eContainingClass in _eClass_.ePackage.nsURI = 'http://www.emftext.org/java/containers' and _eClass_.name = 'CompilationUnit') and _containmentMF_.name = 'imports')"/>
  <linkTraces
      visualID="4003"
      queryText="modelFacet.oclIsKindOf(gmfgen::FeatureLinkModelFacet) and (let _feature_:ecore::EStructuralFeature = modelFacet.oclAsType(gmfgen::FeatureLinkModelFacet).metaFeature.ecoreFeature in (let _eClass_:ecore::EClass = _feature_.eContainingClass in _eClass_.ePackage.nsURI = 'http://www.emftext.org/java/imports' and _eClass_.name = 'ClassifierImport') and _feature_.name = 'classifiers')">
    <linkLabelTraces
        visualID="6003"
        queryText="true"/>
  </linkTraces>
  <linkTraces
      visualID="4004"
      queryText="modelFacet.oclIsKindOf(gmfgen::FeatureLinkModelFacet) and (let _feature_:ecore::EStructuralFeature = modelFacet.oclAsType(gmfgen::FeatureLinkModelFacet).metaFeature.ecoreFeature in (let _eClass_:ecore::EClass = _feature_.eContainingClass in _eClass_.ePackage.nsURI = 'http://www.emftext.org/java/imports' and _eClass_.name = 'StaticImport') and _feature_.name = 'staticMembers')">
    <linkLabelTraces
        visualID="6004"
        queryText="true"/>
  </linkTraces>
</trace:TraceModel>
